[NbConvertApp] Converting notebook NeoTImmuML.ipynb to notebook
[NbConvertApp] ERROR | Kernel died while waiting for execute reply.
Traceback (most recent call last):
  File "/Users/vanetten/git_repos/neorefine/.venv/bin/jupyter-nbconvert", line 7, in <module>
    sys.exit(main())
             ~~~~^^
  File "/Users/vanetten/git_repos/neorefine/.venv/lib/python3.13/site-packages/jupyter_core/application.py", line 284, in launch_instance
    super().launch_instance(argv=argv, **kwargs)
    ~~~~~~~~~~~~~~~~~~~~~~~^^^^^^^^^^^^^^^^^^^^^
  File "/Users/vanetten/git_repos/neorefine/.venv/lib/python3.13/site-packages/traitlets/config/application.py", line 1075, in launch_instance
    app.start()
    ~~~~~~~~~^^
  File "/Users/vanetten/git_repos/neorefine/.venv/lib/python3.13/site-packages/nbconvert/nbconvertapp.py", line 420, in start
    self.convert_notebooks()
    ~~~~~~~~~~~~~~~~~~~~~~^^
  File "/Users/vanetten/git_repos/neorefine/.venv/lib/python3.13/site-packages/nbconvert/nbconvertapp.py", line 597, in convert_notebooks
    self.convert_single_notebook(notebook_filename)
    ~~~~~~~~~~~~~~~~~~~~~~~~~~~~^^^^^^^^^^^^^^^^^^^
  File "/Users/vanetten/git_repos/neorefine/.venv/lib/python3.13/site-packages/nbconvert/nbconvertapp.py", line 563, in convert_single_notebook
    output, resources = self.export_single_notebook(
                        ~~~~~~~~~~~~~~~~~~~~~~~~~~~^
        notebook_filename, resources, input_buffer=input_buffer
        ^^^^^^^^^^^^^^^^^^^^^^^^^^^^^^^^^^^^^^^^^^^^^^^^^^^^^^^
    )
    ^
  File "/Users/vanetten/git_repos/neorefine/.venv/lib/python3.13/site-packages/nbconvert/nbconvertapp.py", line 487, in export_single_notebook
    output, resources = self.exporter.from_filename(
                        ~~~~~~~~~~~~~~~~~~~~~~~~~~~^
        notebook_filename, resources=resources
        ^^^^^^^^^^^^^^^^^^^^^^^^^^^^^^^^^^^^^^
    )
    ^
  File "/Users/vanetten/git_repos/neorefine/.venv/lib/python3.13/site-packages/nbconvert/exporters/exporter.py", line 201, in from_filename
    return self.from_file(f, resources=resources, **kw)
           ~~~~~~~~~~~~~~^^^^^^^^^^^^^^^^^^^^^^^^^^^^^^
  File "/Users/vanetten/git_repos/neorefine/.venv/lib/python3.13/site-packages/nbconvert/exporters/exporter.py", line 220, in from_file
    return self.from_notebook_node(
           ~~~~~~~~~~~~~~~~~~~~~~~^
        nbformat.read(file_stream, as_version=4), resources=resources, **kw
        ^^^^^^^^^^^^^^^^^^^^^^^^^^^^^^^^^^^^^^^^^^^^^^^^^^^^^^^^^^^^^^^^^^^
    )
    ^
  File "/Users/vanetten/git_repos/neorefine/.venv/lib/python3.13/site-packages/nbconvert/exporters/notebook.py", line 36, in from_notebook_node
    nb_copy, resources = super().from_notebook_node(nb, resources, **kw)
                         ~~~~~~~~~~~~~~~~~~~~~~~~~~^^^^^^^^^^^^^^^^^^^^^
  File "/Users/vanetten/git_repos/neorefine/.venv/lib/python3.13/site-packages/nbconvert/exporters/exporter.py", line 154, in from_notebook_node
    nb_copy, resources = self._preprocess(nb_copy, resources)
                         ~~~~~~~~~~~~~~~~^^^^^^^^^^^^^^^^^^^^
  File "/Users/vanetten/git_repos/neorefine/.venv/lib/python3.13/site-packages/nbconvert/exporters/exporter.py", line 353, in _preprocess
    nbc, resc = preprocessor(nbc, resc)
                ~~~~~~~~~~~~^^^^^^^^^^^
  File "/Users/vanetten/git_repos/neorefine/.venv/lib/python3.13/site-packages/nbconvert/preprocessors/base.py", line 48, in __call__
    return self.preprocess(nb, resources)
           ~~~~~~~~~~~~~~~^^^^^^^^^^^^^^^
  File "/Users/vanetten/git_repos/neorefine/.venv/lib/python3.13/site-packages/nbconvert/preprocessors/execute.py", line 103, in preprocess
    self.preprocess_cell(cell, resources, index)
    ~~~~~~~~~~~~~~~~~~~~^^^^^^^^^^^^^^^^^^^^^^^^
  File "/Users/vanetten/git_repos/neorefine/.venv/lib/python3.13/site-packages/nbconvert/preprocessors/execute.py", line 124, in preprocess_cell
    cell = self.execute_cell(cell, index, store_history=True)
  File "/Users/vanetten/git_repos/neorefine/.venv/lib/python3.13/site-packages/jupyter_core/utils/__init__.py", line 165, in wrapped
    return loop.run_until_complete(inner)
           ~~~~~~~~~~~~~~~~~~~~~~~^^^^^^^
  File "/opt/homebrew/Cellar/python@3.13/3.13.7/Frameworks/Python.framework/Versions/3.13/lib/python3.13/asyncio/base_events.py", line 725, in run_until_complete
    return future.result()
           ~~~~~~~~~~~~~^^
  File "/Users/vanetten/git_repos/neorefine/.venv/lib/python3.13/site-packages/nbclient/client.py", line 1009, in async_execute_cell
    raise DeadKernelError("Kernel died") from None
nbclient.exceptions.DeadKernelError: Kernel died
